# JRE version: Java(TM) SE Runtime Environment (8.0_171-b11) (build 1.8.0_171-b11)
# Java VM: Java HotSpot(TM) 64-Bit Server VM (25.171-b11 mixed mode windows-amd64 compressed oops)
Heap:
 PSYoungGen      total 48128K, used 1020K [0x00000000d5d80000, 0x00000000d9f00000, 0x0000000100000000)
  eden space 44544K, 0% used [0x00000000d5d80000,0x00000000d5d80000,0x00000000d8900000)
  from space 3584K, 28% used [0x00000000d9b80000,0x00000000d9c7f2b8,0x00000000d9f00000)
  to   space 11264K, 0% used [0x00000000d8900000,0x00000000d8900000,0x00000000d9400000)
 ParOldGen       total 65536K, used 16675K [0x0000000081800000, 0x0000000085800000, 0x00000000d5d80000)
  object space 65536K, 25% used [0x0000000081800000,0x0000000082848d28,0x0000000085800000)
 Metaspace       used 35009K, capacity 35878K, committed 36224K, reserved 1085440K
  class space    used 4993K, capacity 5220K, committed 5248K, reserved 1048576K
GC Heap History (10 events):
Event: 5.521 GC heap after
Heap after GC invocations=3 (full 0):
 PSYoungGen      total 38400K, used 5117K [0x00000000d5d80000, 0x00000000d8800000, 0x0000000100000000)
  eden space 33280K, 0% used [0x00000000d5d80000,0x00000000d5d80000,0x00000000d7e00000)
  from space 5120K, 99% used [0x00000000d7e00000,0x00000000d82ff430,0x00000000d8300000)
  to   space 5120K, 0% used [0x00000000d8300000,0x00000000d8300000,0x00000000d8800000)
 ParOldGen       total 87552K, used 5975K [0x0000000081800000, 0x0000000086d80000, 0x00000000d5d80000)
  object space 87552K, 6% used [0x0000000081800000,0x0000000081dd5c58,0x0000000086d80000)
 Metaspace       used 20423K, capacity 21206K, committed 21296K, reserved 1067008K
  class space    used 3024K, capacity 3198K, committed 3200K, reserved 1048576K
}
Event: 5.521 GC heap before
{Heap before GC invocations=4 (full 1):
 PSYoungGen      total 38400K, used 5117K [0x00000000d5d80000, 0x00000000d8800000, 0x0000000100000000)
  eden space 33280K, 0% used [0x00000000d5d80000,0x00000000d5d80000,0x00000000d7e00000)
  from space 5120K, 99% used [0x00000000d7e00000,0x00000000d82ff430,0x00000000d8300000)
  to   space 5120K, 0% used [0x00000000d8300000,0x00000000d8300000,0x00000000d8800000)
 ParOldGen       total 87552K, used 5975K [0x0000000081800000, 0x0000000086d80000, 0x00000000d5d80000)
  object space 87552K, 6% used [0x0000000081800000,0x0000000081dd5c58,0x0000000086d80000)
 Metaspace       used 20423K, capacity 21206K, committed 21296K, reserved 1067008K
  class space    used 3024K, capacity 3198K, committed 3200K, reserved 1048576K
Event: 5.562 GC heap after
Heap after GC invocations=4 (full 1):
 PSYoungGen      total 38400K, used 0K [0x00000000d5d80000, 0x00000000d8800000, 0x0000000100000000)
  eden space 33280K, 0% used [0x00000000d5d80000,0x00000000d5d80000,0x00000000d7e00000)
  from space 5120K, 0% used [0x00000000d7e00000,0x00000000d7e00000,0x00000000d8300000)
  to   space 5120K, 0% used [0x00000000d8300000,0x00000000d8300000,0x00000000d8800000)
 ParOldGen       total 65536K, used 10863K [0x0000000081800000, 0x0000000085800000, 0x00000000d5d80000)
  object space 65536K, 16% used [0x0000000081800000,0x000000008229bd98,0x0000000085800000)
 Metaspace       used 20423K, capacity 21206K, committed 21296K, reserved 1067008K
  class space    used 3024K, capacity 3198K, committed 3200K, reserved 1048576K
}
Event: 6.385 GC heap before
{Heap before GC invocations=5 (full 1):
 PSYoungGen      total 38400K, used 33280K [0x00000000d5d80000, 0x00000000d8800000, 0x0000000100000000)
  eden space 33280K, 100% used [0x00000000d5d80000,0x00000000d7e00000,0x00000000d7e00000)
  from space 5120K, 0% used [0x00000000d7e00000,0x00000000d7e00000,0x00000000d8300000)
  to   space 5120K, 0% used [0x00000000d8300000,0x00000000d8300000,0x00000000d8800000)
 ParOldGen       total 65536K, used 10863K [0x0000000081800000, 0x0000000085800000, 0x00000000d5d80000)
  object space 65536K, 16% used [0x0000000081800000,0x000000008229bd98,0x0000000085800000)
 Metaspace       used 29353K, capacity 30234K, committed 30592K, reserved 1075200K
  class space    used 4274K, capacity 4472K, committed 4480K, reserved 1048576K
Event: 6.391 GC heap after
Heap after GC invocations=5 (full 1):
 PSYoungGen      total 38400K, used 5089K [0x00000000d5d80000, 0x00000000d9980000, 0x0000000100000000)
  eden space 33280K, 0% used [0x00000000d5d80000,0x00000000d5d80000,0x00000000d7e00000)
  from space 5120K, 99% used [0x00000000d8300000,0x00000000d87f87f0,0x00000000d8800000)
  to   space 5120K, 0% used [0x00000000d7e00000,0x00000000d7e00000,0x00000000d8300000)
 ParOldGen       total 65536K, used 12545K [0x0000000081800000, 0x0000000085800000, 0x00000000d5d80000)
  object space 65536K, 19% used [0x0000000081800000,0x00000000824407f0,0x0000000085800000)
 Metaspace       used 29353K, capacity 30234K, committed 30592K, reserved 1075200K
  class space    used 4274K, capacity 4472K, committed 4480K, reserved 1048576K
}
Event: 6.830 GC heap before
{Heap before GC invocations=6 (full 1):
 PSYoungGen      total 38400K, used 34049K [0x00000000d5d80000, 0x00000000d9980000, 0x0000000100000000)
  eden space 33280K, 87% used [0x00000000d5d80000,0x00000000d79c7ef0,0x00000000d7e00000)
  from space 5120K, 99% used [0x00000000d8300000,0x00000000d87f87f0,0x00000000d8800000)
  to   space 5120K, 0% used [0x00000000d7e00000,0x00000000d7e00000,0x00000000d8300000)
 ParOldGen       total 65536K, used 12545K [0x0000000081800000, 0x0000000085800000, 0x00000000d5d80000)
  object space 65536K, 19% used [0x0000000081800000,0x00000000824407f0,0x0000000085800000)
 Metaspace       used 34342K, capacity 35174K, committed 35496K, reserved 1079296K
  class space    used 4903K, capacity 5092K, committed 5120K, reserved 1048576K
Event: 6.837 GC heap after
Heap after GC invocations=6 (full 1):
 PSYoungGen      total 38400K, used 5103K [0x00000000d5d80000, 0x00000000da580000, 0x0000000100000000)
  eden space 33280K, 0% used [0x00000000d5d80000,0x00000000d5d80000,0x00000000d7e00000)
  from space 5120K, 99% used [0x00000000d7e00000,0x00000000d82fbf08,0x00000000d8300000)
  to   space 10240K, 0% used [0x00000000d9b80000,0x00000000d9b80000,0x00000000da580000)
 ParOldGen       total 65536K, used 14958K [0x0000000081800000, 0x0000000085800000, 0x00000000d5d80000)
  object space 65536K, 22% used [0x0000000081800000,0x000000008269bb10,0x0000000085800000)
 Metaspace       used 34342K, capacity 35174K, committed 35496K, reserved 1079296K
  class space    used 4903K, capacity 5092K, committed 5120K, reserved 1048576K
}
Event: 6.838 GC heap before
{Heap before GC invocations=7 (full 2):
 PSYoungGen      total 38400K, used 5103K [0x00000000d5d80000, 0x00000000da580000, 0x0000000100000000)
  eden space 33280K, 0% used [0x00000000d5d80000,0x00000000d5d80000,0x00000000d7e00000)
  from space 5120K, 99% used [0x00000000d7e00000,0x00000000d82fbf08,0x00000000d8300000)
  to   space 10240K, 0% used [0x00000000d9b80000,0x00000000d9b80000,0x00000000da580000)
 ParOldGen       total 65536K, used 14958K [0x0000000081800000, 0x0000000085800000, 0x00000000d5d80000)
  object space 65536K, 22% used [0x0000000081800000,0x000000008269bb10,0x0000000085800000)
 Metaspace       used 34342K, capacity 35174K, committed 35496K, reserved 1079296K
  class space    used 4903K, capacity 5092K, committed 5120K, reserved 1048576K
Event: 6.889 GC heap after
Heap after GC invocations=7 (full 2):
 PSYoungGen      total 38400K, used 0K [0x00000000d5d80000, 0x00000000da580000, 0x0000000100000000)
  eden space 33280K, 0% used [0x00000000d5d80000,0x00000000d5d80000,0x00000000d7e00000)
  from space 5120K, 0% used [0x00000000d7e00000,0x00000000d7e00000,0x00000000d8300000)
  to   space 10240K, 0% used [0x00000000d9b80000,0x00000000d9b80000,0x00000000da580000)
 ParOldGen       total 65536K, used 16675K [0x0000000081800000, 0x0000000085800000, 0x00000000d5d80000)
  object space 65536K, 25% used [0x0000000081800000,0x0000000082848d28,0x0000000085800000)
 Metaspace       used 34342K, capacity 35174K, committed 35496K, reserved 1079296K
  class space    used 4903K, capacity 5092K, committed 5120K, reserved 1048576K
}
Event: 6.981 GC heap before
{Heap before GC invocations=8 (full 2):
 PSYoungGen      total 38400K, used 3944K [0x00000000d5d80000, 0x00000000da580000, 0x0000000100000000)
  eden space 33280K, 11% used [0x00000000d5d80000,0x00000000d615a0f8,0x00000000d7e00000)
  from space 5120K, 0% used [0x00000000d7e00000,0x00000000d7e00000,0x00000000d8300000)
  to   space 10240K, 0% used [0x00000000d9b80000,0x00000000d9b80000,0x00000000da580000)
 ParOldGen       total 65536K, used 16675K [0x0000000081800000, 0x0000000085800000, 0x00000000d5d80000)
  object space 65536K, 25% used [0x0000000081800000,0x0000000082848d28,0x0000000085800000)
 Metaspace       used 35009K, capacity 35878K, committed 36224K, reserved 1085440K
  class space    used 4993K, capacity 5220K, committed 5248K, reserved 1048576K

